生成启动时间为 2015/9/21 0:42:57。
     1>项目“C:\Users\taoleechem\Documents\GitHub\MolcasOperate\MolcasOperate\MolcasOperate.vcxproj”在节点 2 上(Build 个目标)。
     1>ClCompile:
         C:\Program Files (x86)\Microsoft Visual Studio 14.0\VC\bin\x86_amd64\CL.exe /c /ZI /nologo /W3 /WX- /sdl /Od /D _DEBUG /D _CONSOLE /D _UNICODE /D UNICODE /Gm /EHsc /RTC1 /MDd /GS /fp:precise /Zc:wchar_t /Zc:forScope /Zc:inline /Fo"x64\Debug\\" /Fd"x64\Debug\vc140.pdb" /Gd /TP /errorReport:prompt main.cpp MolcasMep.cpp
         MolcasMep.cpp
         main.cpp
     1>c:\users\taoleechem\documents\github\molcasoperate\molcasoperate\molecule.h(265): warning C4129: “%”: 不可识别的字符转义序列
     1>c:\users\taoleechem\documents\github\molcasoperate\molcasoperate\molecule.h(266): warning C4129: “%”: 不可识别的字符转义序列
     1>c:\users\taoleechem\documents\github\molcasoperate\molcasoperate\molecule.h(267): warning C4129: “%”: 不可识别的字符转义序列
     1>c:\users\taoleechem\documents\github\molcasoperate\molcasoperate\molecule.h(290): warning C4129: “%”: 不可识别的字符转义序列
     1>c:\users\taoleechem\documents\github\molcasoperate\molcasoperate\molecule.h(291): warning C4129: “%”: 不可识别的字符转义序列
     1>c:\users\taoleechem\documents\github\molcasoperate\molcasoperate\molecule.h(292): warning C4129: “%”: 不可识别的字符转义序列
     1>c:\users\taoleechem\documents\github\molcasoperate\molcasoperate\molecule.h(22): warning C4244: “初始化”: 从“unsigned __int64”转换到“double”，可能丢失数据
     1>c:\users\taoleechem\documents\github\molcasoperate\molcasoperate\molecule.h(164): warning C4267: “初始化”: 从“size_t”转换到“int”，可能丢失数据
     1>c:\users\taoleechem\documents\github\molcasoperate\molcasoperate\molecule.h(191): warning C4267: “初始化”: 从“size_t”转换到“int”，可能丢失数据
     1>c:\users\taoleechem\documents\github\molcasoperate\molcasoperate\molecule.h(423): warning C4267: “return”: 从“size_t”转换到“int”，可能丢失数据
     1>c:\users\taoleechem\documents\github\molcasoperate\molcasoperate\molecule.h(519): warning C4267: “初始化”: 从“size_t”转换到“int”，可能丢失数据
     1>c:\users\taoleechem\documents\github\molcasoperate\molcasoperate\molecule.h(532): warning C4267: “初始化”: 从“size_t”转换到“int”，可能丢失数据
     1>c:\users\taoleechem\documents\github\molcasoperate\molcasoperate\molecule.h(544): warning C4267: “初始化”: 从“size_t”转换到“int”，可能丢失数据
     1>c:\users\taoleechem\documents\github\molcasoperate\molcasoperate\molecule.h(552): warning C4267: “初始化”: 从“size_t”转换到“int”，可能丢失数据
     1>c:\users\taoleechem\documents\github\molcasoperate\molcasoperate\molecule.h(564): warning C4267: “初始化”: 从“size_t”转换到“int”，可能丢失数据
         正在生成代码...
       Link:
         C:\Program Files (x86)\Microsoft Visual Studio 14.0\VC\bin\x86_amd64\link.exe /ERRORREPORT:PROMPT /OUT:"C:\Users\taoleechem\Documents\GitHub\MolcasOperate\x64\Debug\MolcasOperate.exe" /INCREMENTAL /NOLOGO kernel32.lib user32.lib gdi32.lib winspool.lib comdlg32.lib advapi32.lib shell32.lib ole32.lib oleaut32.lib uuid.lib odbc32.lib odbccp32.lib /MANIFEST /MANIFESTUAC:"level='asInvoker' uiAccess='false'" /manifest:embed /Debug /PDB:"C:\Users\taoleechem\Documents\GitHub\MolcasOperate\x64\Debug\MolcasOperate.pdb" /SUBSYSTEM:CONSOLE /TLBID:1 /DYNAMICBASE /NXCOMPAT /IMPLIB:"C:\Users\taoleechem\Documents\GitHub\MolcasOperate\x64\Debug\MolcasOperate.lib" /MACHINE:X64 x64\Debug\main.obj
         x64\Debug\MolcasMep.obj
         MolcasOperate.vcxproj -> C:\Users\taoleechem\Documents\GitHub\MolcasOperate\x64\Debug\MolcasOperate.exe
     1>已完成生成项目“C:\Users\taoleechem\Documents\GitHub\MolcasOperate\MolcasOperate\MolcasOperate.vcxproj”(Build 个目标)的操作。

已成功生成。

已用时间 00:00:02.64
