生成启动时间为 2015/9/21 0:35:02。
     1>项目“C:\Users\taoleechem\documents\visual studio 2015\Projects\MolcasOperate\MolcasOperate\MolcasOperate.vcxproj”在节点 2 上(Build 个目标)。
     1>ClCompile:
         C:\Program Files (x86)\Microsoft Visual Studio 14.0\VC\bin\CL.exe /c /ZI /nologo /W3 /WX- /sdl /Od /Oy- /D WIN32 /D _DEBUG /D _CONSOLE /D _UNICODE /D UNICODE /Gm /EHsc /RTC1 /MDd /GS /fp:precise /Zc:wchar_t /Zc:forScope /Zc:inline /Fo"Debug\\" /Fd"Debug\vc140.pdb" /Gd /TP /analyze- /errorReport:prompt MolcasMep.cpp main.cpp
         main.cpp
     1>c:\users\taoleechem\documents\visual studio 2015\projects\molcasoperate\molcasoperate\molecule.h(265): warning C4129: “%”: 不可识别的字符转义序列
     1>c:\users\taoleechem\documents\visual studio 2015\projects\molcasoperate\molcasoperate\molecule.h(266): warning C4129: “%”: 不可识别的字符转义序列
     1>c:\users\taoleechem\documents\visual studio 2015\projects\molcasoperate\molcasoperate\molecule.h(267): warning C4129: “%”: 不可识别的字符转义序列
     1>c:\users\taoleechem\documents\visual studio 2015\projects\molcasoperate\molcasoperate\molecule.h(290): warning C4129: “%”: 不可识别的字符转义序列
     1>c:\users\taoleechem\documents\visual studio 2015\projects\molcasoperate\molcasoperate\molecule.h(291): warning C4129: “%”: 不可识别的字符转义序列
     1>c:\users\taoleechem\documents\visual studio 2015\projects\molcasoperate\molcasoperate\molecule.h(292): warning C4129: “%”: 不可识别的字符转义序列
         正在生成代码...
         正在跳过...(未检测到相关更改)
         MolcasMep.cpp
       Link:
         C:\Program Files (x86)\Microsoft Visual Studio 14.0\VC\bin\link.exe /ERRORREPORT:PROMPT /OUT:"C:\Users\taoleechem\documents\visual studio 2015\Projects\MolcasOperate\Debug\MolcasOperate.exe" /INCREMENTAL /NOLOGO kernel32.lib user32.lib gdi32.lib winspool.lib comdlg32.lib advapi32.lib shell32.lib ole32.lib oleaut32.lib uuid.lib odbc32.lib odbccp32.lib /MANIFEST /MANIFESTUAC:"level='asInvoker' uiAccess='false'" /manifest:embed /Debug /PDB:"C:\Users\taoleechem\documents\visual studio 2015\Projects\MolcasOperate\Debug\MolcasOperate.pdb" /SUBSYSTEM:CONSOLE /TLBID:1 /DYNAMICBASE /NXCOMPAT /IMPLIB:"C:\Users\taoleechem\documents\visual studio 2015\Projects\MolcasOperate\Debug\MolcasOperate.lib" /MACHINE:X86 Debug\main.obj
         Debug\MolcasMep.obj
         MolcasOperate.vcxproj -> C:\Users\taoleechem\documents\visual studio 2015\Projects\MolcasOperate\Debug\MolcasOperate.exe
     1>已完成生成项目“C:\Users\taoleechem\documents\visual studio 2015\Projects\MolcasOperate\MolcasOperate\MolcasOperate.vcxproj”(Build 个目标)的操作。

已成功生成。

已用时间 00:00:01.91
